   1              		.cpu arm7tdmi
   2              		.fpu softvfp
   3              		.eabi_attribute 20, 1
   4              		.eabi_attribute 21, 1
   5              		.eabi_attribute 23, 3
   6              		.eabi_attribute 24, 1
   7              		.eabi_attribute 25, 1
   8              		.eabi_attribute 26, 1
   9              		.eabi_attribute 30, 6
  10              		.eabi_attribute 18, 4
  11              		.file	"pbs.c"
  21              	.Ltext0:
  22              		.file 1 "../src/pbs.c"
 1935              		.align	2
 1936              		.global	pbs_init
 1938              	pbs_init:
 1939              	.LFB0:
   1:../src/pbs.c  **** 
   2:../src/pbs.c  **** #include <s3c44b0x.h>
   3:../src/pbs.c  **** #include <s3cev40.h>
   4:../src/pbs.c  **** #include <pbs.h>
   5:../src/pbs.c  **** #include <timers.h>
   6:../src/pbs.c  **** 
   7:../src/pbs.c  **** extern void isr_PB_dummy( void );
   8:../src/pbs.c  **** 
   9:../src/pbs.c  **** void pbs_init( void )
  10:../src/pbs.c  **** {
 1940              		.loc 1 10 0
 1941              		.cfi_startproc
 1942              		@ Function supports interworking.
 1943              		@ args = 0, pretend = 0, frame = 0
 1944              		@ frame_needed = 1, uses_anonymous_args = 0
 1945 0000 0DC0A0E1 		mov	ip, sp
 1946              	.LCFI0:
 1947              		.cfi_def_cfa_register 12
 1948 0004 00D82DE9 		stmfd	sp!, {fp, ip, lr, pc}
 1949 0008 04B04CE2 		sub	fp, ip, #4
 1950              		.cfi_offset 14, -8
 1951              		.cfi_offset 13, -12
 1952              		.cfi_offset 11, -16
 1953              	.LCFI1:
 1954              		.cfi_def_cfa 11, 4
  11:../src/pbs.c  ****     timers_init();
 1955              		.loc 1 11 0
 1956 000c FEFFFFEB 		bl	timers_init
  12:../src/pbs.c  **** }
 1957              		.loc 1 12 0
 1958 0010 0CD04BE2 		sub	sp, fp, #12
 1959 0014 00689DE8 		ldmfd	sp, {fp, sp, lr}
 1960 0018 1EFF2FE1 		bx	lr
 1961              		.cfi_endproc
 1962              	.LFE0:
 1964              		.align	2
 1965              		.global	pb_scan
 1967              	pb_scan:
 1968              	.LFB1:
  13:../src/pbs.c  **** 
  14:../src/pbs.c  **** uint8 pb_scan( void )
  15:../src/pbs.c  **** {
 1969              		.loc 1 15 0
 1970              		.cfi_startproc
 1971              		@ Function supports interworking.
 1972              		@ args = 0, pretend = 0, frame = 0
 1973              		@ frame_needed = 1, uses_anonymous_args = 0
 1974 001c 0DC0A0E1 		mov	ip, sp
 1975              	.LCFI2:
 1976              		.cfi_def_cfa_register 12
 1977 0020 00D82DE9 		stmfd	sp!, {fp, ip, lr, pc}
 1978 0024 04B04CE2 		sub	fp, ip, #4
 1979              		.cfi_offset 14, -8
 1980              		.cfi_offset 13, -12
 1981              		.cfi_offset 11, -16
 1982              	.LCFI3:
 1983              		.cfi_def_cfa 11, 4
  16:../src/pbs.c  ****     if(!(PDATG & PB_LEFT))
 1984              		.loc 1 16 0
 1985 0028 44309FE5 		ldr	r3, .L6
 1986 002c 003093E5 		ldr	r3, [r3, #0]
 1987 0030 403003E2 		and	r3, r3, #64
 1988 0034 000053E3 		cmp	r3, #0
 1989 0038 0100001A 		bne	.L3
  17:../src/pbs.c  ****         return PB_LEFT;
 1990              		.loc 1 17 0
 1991 003c 4030A0E3 		mov	r3, #64
 1992 0040 070000EA 		b	.L4
 1993              	.L3:
  18:../src/pbs.c  ****     else if(!(PDATG & PB_RIGHT))
 1994              		.loc 1 18 0
 1995 0044 28309FE5 		ldr	r3, .L6
 1996 0048 003093E5 		ldr	r3, [r3, #0]
 1997 004c 803003E2 		and	r3, r3, #128
 1998 0050 000053E3 		cmp	r3, #0
 1999 0054 0100001A 		bne	.L5
  19:../src/pbs.c  ****         return PB_RIGHT;
 2000              		.loc 1 19 0
 2001 0058 8030A0E3 		mov	r3, #128
 2002 005c 000000EA 		b	.L4
 2003              	.L5:
  20:../src/pbs.c  ****     else
  21:../src/pbs.c  ****         return PB_FAILURE;
 2004              		.loc 1 21 0
 2005 0060 FF30A0E3 		mov	r3, #255
 2006              	.L4:
  22:../src/pbs.c  **** }
 2007              		.loc 1 22 0
 2008 0064 0300A0E1 		mov	r0, r3
 2009 0068 0CD04BE2 		sub	sp, fp, #12
 2010 006c 00689DE8 		ldmfd	sp, {fp, sp, lr}
 2011 0070 1EFF2FE1 		bx	lr
 2012              	.L7:
 2013              		.align	2
 2014              	.L6:
 2015 0074 4400D201 		.word	30539844
 2016              		.cfi_endproc
 2017              	.LFE1:
 2019              		.align	2
 2020              		.global	pb_pressed
 2022              	pb_pressed:
 2023              	.LFB2:
  23:../src/pbs.c  **** 
  24:../src/pbs.c  **** uint8 pb_pressed( void )
  25:../src/pbs.c  **** {
 2024              		.loc 1 25 0
 2025              		.cfi_startproc
 2026              		@ Function supports interworking.
 2027              		@ args = 0, pretend = 0, frame = 0
 2028              		@ frame_needed = 1, uses_anonymous_args = 0
 2029 0078 0DC0A0E1 		mov	ip, sp
 2030              	.LCFI4:
 2031              		.cfi_def_cfa_register 12
 2032 007c 00D82DE9 		stmfd	sp!, {fp, ip, lr, pc}
 2033 0080 04B04CE2 		sub	fp, ip, #4
 2034              		.cfi_offset 14, -8
 2035              		.cfi_offset 13, -12
 2036              		.cfi_offset 11, -16
 2037              	.LCFI5:
 2038              		.cfi_def_cfa 11, 4
  26:../src/pbs.c  ****     return pb_scan() != PB_FAILURE;
 2039              		.loc 1 26 0
 2040 0084 FEFFFFEB 		bl	pb_scan
 2041 0088 0030A0E1 		mov	r3, r0
 2042 008c FF0053E3 		cmp	r3, #255
 2043 0090 0030A003 		moveq	r3, #0
 2044 0094 0130A013 		movne	r3, #1
 2045 0098 FF3003E2 		and	r3, r3, #255
  27:../src/pbs.c  **** }
 2046              		.loc 1 27 0
 2047 009c 0300A0E1 		mov	r0, r3
 2048 00a0 0CD04BE2 		sub	sp, fp, #12
 2049 00a4 00689DE8 		ldmfd	sp, {fp, sp, lr}
 2050 00a8 1EFF2FE1 		bx	lr
 2051              		.cfi_endproc
 2052              	.LFE2:
 2054              		.align	2
 2055              		.global	pb_getchar
 2057              	pb_getchar:
 2058              	.LFB3:
  28:../src/pbs.c  **** 
  29:../src/pbs.c  **** uint8 pb_getchar( void )
  30:../src/pbs.c  **** {
 2059              		.loc 1 30 0
 2060              		.cfi_startproc
 2061              		@ Function supports interworking.
 2062              		@ args = 0, pretend = 0, frame = 8
 2063              		@ frame_needed = 1, uses_anonymous_args = 0
 2064 00ac 0DC0A0E1 		mov	ip, sp
 2065              	.LCFI6:
 2066              		.cfi_def_cfa_register 12
 2067 00b0 00D82DE9 		stmfd	sp!, {fp, ip, lr, pc}
 2068 00b4 04B04CE2 		sub	fp, ip, #4
 2069              		.cfi_offset 14, -8
 2070              		.cfi_offset 13, -12
 2071              		.cfi_offset 11, -16
 2072              	.LCFI7:
 2073              		.cfi_def_cfa 11, 4
 2074 00b8 08D04DE2 		sub	sp, sp, #8
  31:../src/pbs.c  **** 	uint8 scancode;
  32:../src/pbs.c  **** 
  33:../src/pbs.c  **** 	while( (pb_scan() == PB_FAILURE ));
 2075              		.loc 1 33 0
 2076 00bc 0000A0E1 		mov	r0, r0	@ nop
 2077              	.L10:
 2078              		.loc 1 33 0 is_stmt 0 discriminator 1
 2079 00c0 FEFFFFEB 		bl	pb_scan
 2080 00c4 0030A0E1 		mov	r3, r0
 2081 00c8 FF0053E3 		cmp	r3, #255
 2082 00cc FBFFFF0A 		beq	.L10
  34:../src/pbs.c  **** 	sw_delay_ms( PB_KEYDOWN_DELAY );
 2083              		.loc 1 34 0 is_stmt 1
 2084 00d0 1E00A0E3 		mov	r0, #30
 2085 00d4 FEFFFFEB 		bl	sw_delay_ms
  35:../src/pbs.c  **** 
  36:../src/pbs.c  **** 	scancode = pb_scan();
 2086              		.loc 1 36 0
 2087 00d8 FEFFFFEB 		bl	pb_scan
 2088 00dc 0030A0E1 		mov	r3, r0
 2089 00e0 0D304BE5 		strb	r3, [fp, #-13]
  37:../src/pbs.c  **** 
  38:../src/pbs.c  **** 	while((pb_scan() != PB_FAILURE ));
 2090              		.loc 1 38 0
 2091 00e4 0000A0E1 		mov	r0, r0	@ nop
 2092              	.L11:
 2093              		.loc 1 38 0 is_stmt 0 discriminator 1
 2094 00e8 FEFFFFEB 		bl	pb_scan
 2095 00ec 0030A0E1 		mov	r3, r0
 2096 00f0 FF0053E3 		cmp	r3, #255
 2097 00f4 FBFFFF1A 		bne	.L11
  39:../src/pbs.c  **** 	sw_delay_ms( PB_KEYUP_DELAY );
 2098              		.loc 1 39 0 is_stmt 1
 2099 00f8 6400A0E3 		mov	r0, #100
 2100 00fc FEFFFFEB 		bl	sw_delay_ms
  40:../src/pbs.c  **** 
  41:../src/pbs.c  **** 	return scancode;
 2101              		.loc 1 41 0
 2102 0100 0D305BE5 		ldrb	r3, [fp, #-13]	@ zero_extendqisi2
  42:../src/pbs.c  **** }
 2103              		.loc 1 42 0
 2104 0104 0300A0E1 		mov	r0, r3
 2105 0108 0CD04BE2 		sub	sp, fp, #12
 2106 010c 00689DE8 		ldmfd	sp, {fp, sp, lr}
 2107 0110 1EFF2FE1 		bx	lr
 2108              		.cfi_endproc
 2109              	.LFE3:
 2111              		.align	2
 2112              		.global	pb_getchartime
 2114              	pb_getchartime:
 2115              	.LFB4:
  43:../src/pbs.c  **** 
  44:../src/pbs.c  **** uint8 pb_getchartime( uint16 *ms )
  45:../src/pbs.c  **** {
 2116              		.loc 1 45 0
 2117              		.cfi_startproc
 2118              		@ Function supports interworking.
 2119              		@ args = 0, pretend = 0, frame = 16
 2120              		@ frame_needed = 1, uses_anonymous_args = 0
 2121 0114 0DC0A0E1 		mov	ip, sp
 2122              	.LCFI8:
 2123              		.cfi_def_cfa_register 12
 2124 0118 00D82DE9 		stmfd	sp!, {fp, ip, lr, pc}
 2125 011c 04B04CE2 		sub	fp, ip, #4
 2126              		.cfi_offset 14, -8
 2127              		.cfi_offset 13, -12
 2128              		.cfi_offset 11, -16
 2129              	.LCFI9:
 2130              		.cfi_def_cfa 11, 4
 2131 0120 10D04DE2 		sub	sp, sp, #16
 2132 0124 18000BE5 		str	r0, [fp, #-24]
  46:../src/pbs.c  ****     uint8 scancode;
  47:../src/pbs.c  ****     
  48:../src/pbs.c  ****     while( (pb_scan() == PB_FAILURE ));
 2133              		.loc 1 48 0
 2134 0128 0000A0E1 		mov	r0, r0	@ nop
 2135              	.L13:
 2136              		.loc 1 48 0 is_stmt 0 discriminator 1
 2137 012c FEFFFFEB 		bl	pb_scan
 2138 0130 0030A0E1 		mov	r3, r0
 2139 0134 FF0053E3 		cmp	r3, #255
 2140 0138 FBFFFF0A 		beq	.L13
  49:../src/pbs.c  ****     timer3_start();
 2141              		.loc 1 49 0 is_stmt 1
 2142 013c FEFFFFEB 		bl	timer3_start
  50:../src/pbs.c  ****     sw_delay_ms( PB_KEYDOWN_DELAY );
 2143              		.loc 1 50 0
 2144 0140 1E00A0E3 		mov	r0, #30
 2145 0144 FEFFFFEB 		bl	sw_delay_ms
  51:../src/pbs.c  ****     
  52:../src/pbs.c  ****     scancode = pb_scan();
 2146              		.loc 1 52 0
 2147 0148 FEFFFFEB 		bl	pb_scan
 2148 014c 0030A0E1 		mov	r3, r0
 2149 0150 0D304BE5 		strb	r3, [fp, #-13]
  53:../src/pbs.c  ****     
  54:../src/pbs.c  ****     while((pb_scan() != PB_FAILURE ));
 2150              		.loc 1 54 0
 2151 0154 0000A0E1 		mov	r0, r0	@ nop
 2152              	.L14:
 2153              		.loc 1 54 0 is_stmt 0 discriminator 1
 2154 0158 FEFFFFEB 		bl	pb_scan
 2155 015c 0030A0E1 		mov	r3, r0
 2156 0160 FF0053E3 		cmp	r3, #255
 2157 0164 FBFFFF1A 		bne	.L14
  55:../src/pbs.c  ****     *ms = timer3_stop() / 10;
 2158              		.loc 1 55 0 is_stmt 1
 2159 0168 FEFFFFEB 		bl	timer3_stop
 2160 016c 0030A0E1 		mov	r3, r0
 2161 0170 0320A0E1 		mov	r2, r3
 2162 0174 30309FE5 		ldr	r3, .L15
 2163 0178 921383E0 		umull	r1, r3, r2, r3
 2164 017c A331A0E1 		mov	r3, r3, lsr #3
 2165 0180 0338A0E1 		mov	r3, r3, asl #16
 2166 0184 2328A0E1 		mov	r2, r3, lsr #16
 2167 0188 18301BE5 		ldr	r3, [fp, #-24]
 2168 018c B020C3E1 		strh	r2, [r3, #0]	@ movhi
  56:../src/pbs.c  ****     sw_delay_ms( PB_KEYUP_DELAY );
 2169              		.loc 1 56 0
 2170 0190 6400A0E3 		mov	r0, #100
 2171 0194 FEFFFFEB 		bl	sw_delay_ms
  57:../src/pbs.c  **** 
  58:../src/pbs.c  ****     return scancode;
 2172              		.loc 1 58 0
 2173 0198 0D305BE5 		ldrb	r3, [fp, #-13]	@ zero_extendqisi2
  59:../src/pbs.c  **** }
 2174              		.loc 1 59 0
 2175 019c 0300A0E1 		mov	r0, r3
 2176 01a0 0CD04BE2 		sub	sp, fp, #12
 2177 01a4 00689DE8 		ldmfd	sp, {fp, sp, lr}
 2178 01a8 1EFF2FE1 		bx	lr
 2179              	.L16:
 2180              		.align	2
 2181              	.L15:
 2182 01ac CDCCCCCC 		.word	-858993459
 2183              		.cfi_endproc
 2184              	.LFE4:
 2186              		.align	2
 2187              		.global	pb_timeout_getchar
 2189              	pb_timeout_getchar:
 2190              	.LFB5:
  60:../src/pbs.c  **** 
  61:../src/pbs.c  **** uint8 pb_timeout_getchar( uint16 ms )
  62:../src/pbs.c  **** {
 2191              		.loc 1 62 0
 2192              		.cfi_startproc
 2193              		@ Function supports interworking.
 2194              		@ args = 0, pretend = 0, frame = 16
 2195              		@ frame_needed = 1, uses_anonymous_args = 0
 2196 01b0 0DC0A0E1 		mov	ip, sp
 2197              	.LCFI10:
 2198              		.cfi_def_cfa_register 12
 2199 01b4 00D82DE9 		stmfd	sp!, {fp, ip, lr, pc}
 2200 01b8 04B04CE2 		sub	fp, ip, #4
 2201              		.cfi_offset 14, -8
 2202              		.cfi_offset 13, -12
 2203              		.cfi_offset 11, -16
 2204              	.LCFI11:
 2205              		.cfi_def_cfa 11, 4
 2206 01bc 10D04DE2 		sub	sp, sp, #16
 2207 01c0 0030A0E1 		mov	r3, r0
 2208 01c4 B6314BE1 		strh	r3, [fp, #-22]	@ movhi
  63:../src/pbs.c  ****     uint8 scancode;
  64:../src/pbs.c  **** 	timer3_start_timeout(ms*10);
 2209              		.loc 1 64 0
 2210 01c8 B6315BE1 		ldrh	r3, [fp, #-22]	@ movhi
 2211 01cc 0320A0E1 		mov	r2, r3	@ movhi
 2212 01d0 0221A0E1 		mov	r2, r2, asl #2
 2213 01d4 033082E0 		add	r3, r2, r3
 2214 01d8 8330A0E1 		mov	r3, r3, asl #1
 2215 01dc 0338A0E1 		mov	r3, r3, asl #16
 2216 01e0 2338A0E1 		mov	r3, r3, lsr #16
 2217 01e4 0300A0E1 		mov	r0, r3
 2218 01e8 FEFFFFEB 		bl	timer3_start_timeout
  65:../src/pbs.c  ****     while( (pb_scan() == PB_FAILURE )&& !timer3_timeout());
 2219              		.loc 1 65 0
 2220 01ec 0000A0E1 		mov	r0, r0	@ nop
 2221              	.L19:
 2222              		.loc 1 65 0 is_stmt 0 discriminator 1
 2223 01f0 FEFFFFEB 		bl	pb_scan
 2224 01f4 0030A0E1 		mov	r3, r0
 2225 01f8 FF0053E3 		cmp	r3, #255
 2226 01fc 0300001A 		bne	.L18
 2227              		.loc 1 65 0 discriminator 2
 2228 0200 FEFFFFEB 		bl	timer3_timeout
 2229 0204 0030A0E1 		mov	r3, r0
 2230 0208 000053E3 		cmp	r3, #0
 2231 020c F7FFFF0A 		beq	.L19
 2232              	.L18:
  66:../src/pbs.c  **** 	sw_delay_ms( PB_KEYDOWN_DELAY );
 2233              		.loc 1 66 0 is_stmt 1
 2234 0210 1E00A0E3 		mov	r0, #30
 2235 0214 FEFFFFEB 		bl	sw_delay_ms
  67:../src/pbs.c  **** 
  68:../src/pbs.c  **** 	scancode = pb_scan();
 2236              		.loc 1 68 0
 2237 0218 FEFFFFEB 		bl	pb_scan
 2238 021c 0030A0E1 		mov	r3, r0
 2239 0220 0D304BE5 		strb	r3, [fp, #-13]
  69:../src/pbs.c  **** 
  70:../src/pbs.c  **** 	while((pb_scan() != PB_FAILURE ) && !timer3_timeout());
 2240              		.loc 1 70 0
 2241 0224 0000A0E1 		mov	r0, r0	@ nop
 2242              	.L21:
 2243              		.loc 1 70 0 is_stmt 0 discriminator 1
 2244 0228 FEFFFFEB 		bl	pb_scan
 2245 022c 0030A0E1 		mov	r3, r0
 2246 0230 FF0053E3 		cmp	r3, #255
 2247 0234 0300000A 		beq	.L20
 2248              		.loc 1 70 0 discriminator 2
 2249 0238 FEFFFFEB 		bl	timer3_timeout
 2250 023c 0030A0E1 		mov	r3, r0
 2251 0240 000053E3 		cmp	r3, #0
 2252 0244 F7FFFF0A 		beq	.L21
 2253              	.L20:
  71:../src/pbs.c  **** 	if(timer3_timeout()) return PB_TIMEOUT;
 2254              		.loc 1 71 0 is_stmt 1
 2255 0248 FEFFFFEB 		bl	timer3_timeout
 2256 024c 0030A0E1 		mov	r3, r0
 2257 0250 000053E3 		cmp	r3, #0
 2258 0254 0100000A 		beq	.L22
 2259              		.loc 1 71 0 is_stmt 0 discriminator 1
 2260 0258 FE30A0E3 		mov	r3, #254
 2261 025c 020000EA 		b	.L23
 2262              	.L22:
  72:../src/pbs.c  **** 	sw_delay_ms( PB_KEYUP_DELAY );
 2263              		.loc 1 72 0 is_stmt 1
 2264 0260 6400A0E3 		mov	r0, #100
 2265 0264 FEFFFFEB 		bl	sw_delay_ms
  73:../src/pbs.c  **** 
  74:../src/pbs.c  **** 	return scancode;
 2266              		.loc 1 74 0
 2267 0268 0D305BE5 		ldrb	r3, [fp, #-13]	@ zero_extendqisi2
 2268              	.L23:
  75:../src/pbs.c  **** 
  76:../src/pbs.c  **** }
 2269              		.loc 1 76 0
 2270 026c 0300A0E1 		mov	r0, r3
 2271 0270 0CD04BE2 		sub	sp, fp, #12
 2272 0274 00689DE8 		ldmfd	sp, {fp, sp, lr}
 2273 0278 1EFF2FE1 		bx	lr
 2274              		.cfi_endproc
 2275              	.LFE5:
 2277              		.align	2
 2278              		.global	pbs_open
 2280              	pbs_open:
 2281              	.LFB6:
  77:../src/pbs.c  **** 
  78:../src/pbs.c  **** void pbs_open( void (*isr)(void) )
  79:../src/pbs.c  **** {
 2282              		.loc 1 79 0
 2283              		.cfi_startproc
 2284              		@ Function supports interworking.
 2285              		@ args = 0, pretend = 0, frame = 8
 2286              		@ frame_needed = 1, uses_anonymous_args = 0
 2287 027c 0DC0A0E1 		mov	ip, sp
 2288              	.LCFI12:
 2289              		.cfi_def_cfa_register 12
 2290 0280 00D82DE9 		stmfd	sp!, {fp, ip, lr, pc}
 2291 0284 04B04CE2 		sub	fp, ip, #4
 2292              		.cfi_offset 14, -8
 2293              		.cfi_offset 13, -12
 2294              		.cfi_offset 11, -16
 2295              	.LCFI13:
 2296              		.cfi_def_cfa 11, 4
 2297 0288 08D04DE2 		sub	sp, sp, #8
 2298 028c 10000BE5 		str	r0, [fp, #-16]
  80:../src/pbs.c  ****     pISR_PB   = isr;
 2299              		.loc 1 80 0
 2300 0290 3C309FE5 		ldr	r3, .L25
 2301 0294 10201BE5 		ldr	r2, [fp, #-16]
 2302 0298 002083E5 		str	r2, [r3, #0]
  81:../src/pbs.c  ****     EXTINTPND = 0x0;
 2303              		.loc 1 81 0
 2304 029c 34309FE5 		ldr	r3, .L25+4
 2305 02a0 0020A0E3 		mov	r2, #0
 2306 02a4 002083E5 		str	r2, [r3, #0]
  82:../src/pbs.c  ****     I_ISPC    = BIT_EINT4567;
 2307              		.loc 1 82 0
 2308 02a8 2C309FE5 		ldr	r3, .L25+8
 2309 02ac 0226A0E3 		mov	r2, #2097152
 2310 02b0 002083E5 		str	r2, [r3, #0]
  83:../src/pbs.c  ****     INTMSK   &= ~(BIT_GLOBAL | BIT_EINT4567);
 2311              		.loc 1 83 0
 2312 02b4 24309FE5 		ldr	r3, .L25+12
 2313 02b8 20209FE5 		ldr	r2, .L25+12
 2314 02bc 002092E5 		ldr	r2, [r2, #0]
 2315 02c0 4226C2E3 		bic	r2, r2, #69206016
 2316 02c4 002083E5 		str	r2, [r3, #0]
  84:../src/pbs.c  **** }
 2317              		.loc 1 84 0
 2318 02c8 0CD04BE2 		sub	sp, fp, #12
 2319 02cc 00689DE8 		ldmfd	sp, {fp, sp, lr}
 2320 02d0 1EFF2FE1 		bx	lr
 2321              	.L26:
 2322              		.align	2
 2323              	.L25:
 2324 02d4 74FF7F0C 		.word	209715060
 2325 02d8 5400D201 		.word	30539860
 2326 02dc 2400E001 		.word	31457316
 2327 02e0 0C00E001 		.word	31457292
 2328              		.cfi_endproc
 2329              	.LFE6:
 2331              		.align	2
 2332              		.global	pbs_close
 2334              	pbs_close:
 2335              	.LFB7:
  85:../src/pbs.c  **** 
  86:../src/pbs.c  **** void pbs_close( void )
  87:../src/pbs.c  **** {
 2336              		.loc 1 87 0
 2337              		.cfi_startproc
 2338              		@ Function supports interworking.
 2339              		@ args = 0, pretend = 0, frame = 0
 2340              		@ frame_needed = 1, uses_anonymous_args = 0
 2341 02e4 0DC0A0E1 		mov	ip, sp
 2342              	.LCFI14:
 2343              		.cfi_def_cfa_register 12
 2344 02e8 00D82DE9 		stmfd	sp!, {fp, ip, lr, pc}
 2345 02ec 04B04CE2 		sub	fp, ip, #4
 2346              		.cfi_offset 14, -8
 2347              		.cfi_offset 13, -12
 2348              		.cfi_offset 11, -16
 2349              	.LCFI15:
 2350              		.cfi_def_cfa 11, 4
  88:../src/pbs.c  ****     INTMSK  |= BIT_EINT4567;
 2351              		.loc 1 88 0
 2352 02f0 24309FE5 		ldr	r3, .L28
 2353 02f4 20209FE5 		ldr	r2, .L28
 2354 02f8 002092E5 		ldr	r2, [r2, #0]
 2355 02fc 022682E3 		orr	r2, r2, #2097152
 2356 0300 002083E5 		str	r2, [r3, #0]
  89:../src/pbs.c  ****     pISR_PB  = isr_PB_dummy;
 2357              		.loc 1 89 0
 2358 0304 14309FE5 		ldr	r3, .L28+4
 2359 0308 14209FE5 		ldr	r2, .L28+8
 2360 030c 002083E5 		str	r2, [r3, #0]
  90:../src/pbs.c  **** }
 2361              		.loc 1 90 0
 2362 0310 0CD04BE2 		sub	sp, fp, #12
 2363 0314 00689DE8 		ldmfd	sp, {fp, sp, lr}
 2364 0318 1EFF2FE1 		bx	lr
 2365              	.L29:
 2366              		.align	2
 2367              	.L28:
 2368 031c 0C00E001 		.word	31457292
 2369 0320 74FF7F0C 		.word	209715060
 2370 0324 00000000 		.word	isr_PB_dummy
 2371              		.cfi_endproc
 2372              	.LFE7:
 2374              	.Letext0:
DEFINED SYMBOLS
                            *ABS*:00000000 pbs.c
C:\Users\marco\AppData\Local\Temp\ccEs4Nr8.s:1935   .text:00000000 $a
C:\Users\marco\AppData\Local\Temp\ccEs4Nr8.s:1938   .text:00000000 pbs_init
C:\Users\marco\AppData\Local\Temp\ccEs4Nr8.s:1967   .text:0000001c pb_scan
C:\Users\marco\AppData\Local\Temp\ccEs4Nr8.s:2015   .text:00000074 $d
C:\Users\marco\AppData\Local\Temp\ccEs4Nr8.s:2019   .text:00000078 $a
C:\Users\marco\AppData\Local\Temp\ccEs4Nr8.s:2022   .text:00000078 pb_pressed
C:\Users\marco\AppData\Local\Temp\ccEs4Nr8.s:2057   .text:000000ac pb_getchar
C:\Users\marco\AppData\Local\Temp\ccEs4Nr8.s:2114   .text:00000114 pb_getchartime
C:\Users\marco\AppData\Local\Temp\ccEs4Nr8.s:2182   .text:000001ac $d
C:\Users\marco\AppData\Local\Temp\ccEs4Nr8.s:2186   .text:000001b0 $a
C:\Users\marco\AppData\Local\Temp\ccEs4Nr8.s:2189   .text:000001b0 pb_timeout_getchar
C:\Users\marco\AppData\Local\Temp\ccEs4Nr8.s:2280   .text:0000027c pbs_open
C:\Users\marco\AppData\Local\Temp\ccEs4Nr8.s:2324   .text:000002d4 $d
C:\Users\marco\AppData\Local\Temp\ccEs4Nr8.s:2331   .text:000002e4 $a
C:\Users\marco\AppData\Local\Temp\ccEs4Nr8.s:2334   .text:000002e4 pbs_close
C:\Users\marco\AppData\Local\Temp\ccEs4Nr8.s:2368   .text:0000031c $d
                     .debug_frame:00000010 $d

UNDEFINED SYMBOLS
timers_init
sw_delay_ms
timer3_start
timer3_stop
timer3_start_timeout
timer3_timeout
isr_PB_dummy
